<?xml version="1.0" encoding="UTF-8"?>
<testng-results skipped="0" failed="0" ignored="0" total="1" passed="1">
  <reporter-output>
  </reporter-output>
  <suite name="Default suite" duration-ms="319754" started-at="2019-11-22T10:49:26Z" finished-at="2019-11-22T10:54:46Z">
    <groups>
    </groups>
    <test name="Default test" duration-ms="319754" started-at="2019-11-22T10:49:26Z" finished-at="2019-11-22T10:54:46Z">
      <class name="com.Dsci.TestScriptsSuite.WorkerCompensation">
        <test-method status="PASS" signature="setUp()[pri:0, instance:com.Dsci.TestScriptsSuite.WorkerCompensation@56235b8e]" name="setUp" is-config="true" duration-ms="17988" started-at="2019-11-22T10:49:26Z" finished-at="2019-11-22T10:49:44Z">
          <reporter-output>
          </reporter-output>
        </test-method> <!-- setUp -->
        <test-method status="PASS" signature="WorkerCompensationTest()[pri:0, instance:com.Dsci.TestScriptsSuite.WorkerCompensation@56235b8e]" name="WorkerCompensationTest" duration-ms="301587" started-at="2019-11-22T10:49:44Z" finished-at="2019-11-22T10:54:45Z">
          <reporter-output>
          </reporter-output>
        </test-method> <!-- WorkerCompensationTest -->
        <test-method status="PASS" signature="teardown()[pri:0, instance:com.Dsci.TestScriptsSuite.WorkerCompensation@56235b8e]" name="teardown" is-config="true" duration-ms="159" started-at="2019-11-22T10:54:46Z" finished-at="2019-11-22T10:54:46Z">
          <reporter-output>
          </reporter-output>
        </test-method> <!-- teardown -->
      </class> <!-- com.Dsci.TestScriptsSuite.WorkerCompensation -->
    </test> <!-- Default test -->
  </suite> <!-- Default suite -->
</testng-results>
